2026-03-31T05:24:29Z  alpine_3.19  syft  1671ms
2026-03-31T05:24:29Z  alpine_3.19  trivy  55ms
2026-03-31T05:25:02Z  alpine_3.19  grype  32970ms
2026-03-31T05:25:05Z  alpine_3.19  osv  2376ms
2026-03-31T05:25:19Z  nginx_latest  syft  3075ms
2026-03-31T05:25:50Z  nginx_latest  trivy  31639ms
2026-03-31T05:25:54Z  nginx_latest  grype  3840ms
2026-03-31T05:25:59Z  nginx_latest  osv  5003ms
2026-03-31T05:26:36Z  node_20  syft  16793ms
2026-03-31T05:26:45Z  node_20  trivy  9476ms
2026-03-31T05:27:03Z  node_20  grype  17824ms
2026-03-31T05:27:24Z  node_20  osv  21142ms
2026-03-31T05:28:15Z  python_3.12  syft  14461ms
2026-03-31T05:28:25Z  python_3.12  trivy  10216ms
2026-03-31T05:28:41Z  python_3.12  grype  15652ms
2026-03-31T05:29:02Z  python_3.12  osv  21076ms
2026-03-31T05:29:22Z  nginx_1.19  syft  3317ms
2026-03-31T05:29:23Z  nginx_1.19  trivy  1253ms
2026-03-31T05:29:27Z  nginx_1.19  grype  3125ms
2026-03-31T05:29:35Z  nginx_1.19  osv  8375ms
2026-03-31T05:30:10Z  node_14  syft  16458ms
2026-03-31T05:30:18Z  node_14  trivy  8483ms
2026-03-31T05:30:35Z  node_14  grype  16882ms
2026-03-31T05:30:52Z  node_14  osv  16565ms
2026-03-31T05:32:05Z  python_3.8  syft  16572ms
2026-03-31T05:32:15Z  python_3.8  trivy  9991ms
2026-03-31T05:32:33Z  python_3.8  grype  17587ms
2026-03-31T05:33:00Z  python_3.8  osv  27032ms
2026-03-31T05:33:33Z  vulnerables_web-dvwa  syft  10979ms
2026-03-31T05:33:39Z  vulnerables_web-dvwa  trivy  6012ms
2026-03-31T05:33:51Z  vulnerables_web-dvwa  grype  11667ms
2026-03-31T05:33:51Z  vulnerables_web-dvwa  osv  29ms
2026-03-31T05:34:36Z  vulnerables_web-dvwa  osv  retry_ok
2026-03-31T05:35:02Z  bkimminich_juice-shop  syft  10492ms
2026-03-31T05:35:10Z  bkimminich_juice-shop  trivy  8015ms
2026-03-31T05:35:20Z  bkimminich_juice-shop  grype  10012ms
2026-03-31T05:35:20Z  bkimminich_juice-shop  osv  29ms
